\BOOKMARK [0][-]{Doc-Start}{ABSTRACT}{}% 1
\BOOKMARK [0][-]{chapter*.1}{\326Z}{}% 2
\BOOKMARK [0][-]{chapter*.3}{ACKNOWLEDGMENTS}{}% 3
\BOOKMARK [0][-]{chapter*.4}{TABLE OF CONTENTS}{}% 4
\BOOKMARK [0][-]{chapter*.5}{LIST OF TABLES}{}% 5
\BOOKMARK [0][-]{chapter*.6}{LIST OF FIGURES}{}% 6
\BOOKMARK [0][-]{chapter.1}{INTRODUCTION}{}% 7
\BOOKMARK [0][-]{chapter.2}{BACKGROUND AND LITERATURE REVIEW}{}% 8
\BOOKMARK [1][-]{section.2.1}{RNA-binding proteins}{chapter.2}% 9
\BOOKMARK [2][-]{subsection.2.1.1}{In vitro methods}{section.2.1}% 10
\BOOKMARK [2][-]{subsection.2.1.2}{In vivo methods}{section.2.1}% 11
\BOOKMARK [2][-]{subsection.2.1.3}{In silico methods}{section.2.1}% 12
\BOOKMARK [1][-]{section.2.2}{MicroRNAs}{chapter.2}% 13
\BOOKMARK [2][-]{subsection.2.2.1}{Methods for identification of miRNA binding sites}{section.2.2}% 14
\BOOKMARK [1][-]{section.2.3}{RNA secondary structure}{chapter.2}% 15
\BOOKMARK [1][-]{section.2.4}{Competition and collaboration between RBPs and miRNAs}{chapter.2}% 16
\BOOKMARK [2][-]{subsection.2.4.1}{Collaboration between RBPs and miRNAs}{section.2.4}% 17
\BOOKMARK [2][-]{subsection.2.4.2}{Competition between RBPs and miRNAs}{section.2.4}% 18
\BOOKMARK [2][-]{subsection.2.4.3}{High-throughput techniques considering several factors}{section.2.4}% 19
\BOOKMARK [0][-]{chapter.3}{MATERIALS AND METHODS}{}% 20
\BOOKMARK [1][-]{section.3.1}{Mapping RBP binding sites}{chapter.3}% 21
\BOOKMARK [1][-]{section.3.2}{Mapping miRNA binding sites}{chapter.3}% 22
\BOOKMARK [1][-]{section.3.3}{Compilation of datasets related to post-transcriptional regulation}{chapter.3}% 23
\BOOKMARK [1][-]{section.3.4}{Predicting the RNA secondary structure of binding sites}{chapter.3}% 24
\BOOKMARK [1][-]{section.3.5}{Testing for significance}{chapter.3}% 25
\BOOKMARK [1][-]{section.3.6}{Determining RBP and miRNA binding sites co-occurrence}{chapter.3}% 26
\BOOKMARK [1][-]{section.3.7}{Predicting stability and expression using logistic regression}{chapter.3}% 27
\BOOKMARK [0][-]{chapter.4}{RESULTS AND DISCUSSION}{}% 28
\BOOKMARK [1][-]{section.4.1}{Overview of our compendium of RBP and miRNA binding sites}{chapter.4}% 29
\BOOKMARK [1][-]{section.4.2}{Accessibility and conservation scores of binding sites of RBPs}{chapter.4}% 30
\BOOKMARK [1][-]{section.4.3}{Analysis of knockdown datasets}{chapter.4}% 31
\BOOKMARK [2][-]{subsection.4.3.1}{Effect of CLIP-supported sites on transcripts expression}{section.4.3}% 32
\BOOKMARK [2][-]{subsection.4.3.2}{The effect of competition to HuR function}{section.4.3}% 33
\BOOKMARK [1][-]{section.4.4}{Analysis of co-occurrence of motifs}{chapter.4}% 34
\BOOKMARK [1][-]{section.4.5}{Analyzing preferences of PUM binding sites}{chapter.4}% 35
\BOOKMARK [2][-]{subsection.4.5.1}{PUM1\(2\) tends to bind to the 3'-end of its target mRNAs}{section.4.5}% 36
\BOOKMARK [2][-]{subsection.4.5.2}{Effect of number of binding sites of PUM1\(2\) and its interacting miRNAs on stability of transcripts}{section.4.5}% 37
\BOOKMARK [2][-]{subsection.4.5.3}{The effect of distance between binding sites of PUM1\(2\) on stability of mRNAs}{section.4.5}% 38
\BOOKMARK [1][-]{section.4.6}{Predicting stability and gene expression with a logistic regression model}{chapter.4}% 39
\BOOKMARK [0][-]{chapter.5}{CONCLUSION AND FUTURE WORK}{}% 40
\BOOKMARK [1][-]{section.5.1}{Conclusion}{chapter.5}% 41
\BOOKMARK [1][-]{section.5.2}{Future directions}{chapter.5}% 42
\BOOKMARK [0][-]{chapter*.31}{REFERENCES}{}% 43
\BOOKMARK [0][-]{chapter*.31}{APPENDICES}{}% 44
\BOOKMARK [0][-]{appendix.A}{List of RBPs and miRNAs}{}% 45
\BOOKMARK [0][-]{appendix.B}{Co-occurrence heatmaps}{}% 46
\BOOKMARK [1][-]{section.B.1}{Co-occurrence q-value heatmap plots of RBPs of interest}{appendix.B}% 47
\BOOKMARK [1][-]{section.B.2}{Co-occurrence q-value heatmap plots of miRNAs of interest}{appendix.B}% 48
